  EndlessRunner.cpp
c:\users\temp.a213-012.001\documents\github\bibinh17cpp\cppgameengine\sprite.h(10): warning C4244: "Initialisierung": Konvertierung von "int" in "float", möglicher Datenverlust
c:\users\temp.a213-012.001\documents\github\bibinh17cpp\endlessrunner\endlessrunner\endlessrunner.cpp(9): warning C4244: "Argument": Konvertierung von "time_t" in "unsigned int", möglicher Datenverlust
  EndlessRunnerGame.cpp
c:\users\temp.a213-012.001\documents\github\bibinh17cpp\cppgameengine\sprite.h(10): warning C4244: "Initialisierung": Konvertierung von "int" in "float", möglicher Datenverlust
c:\users\temp.a213-012.001\documents\github\bibinh17cpp\endlessrunner\endlessrunner\endlessrunnergame.cpp(79): warning C4244: "=": Konvertierung von "int" in "float", möglicher Datenverlust
c:\users\temp.a213-012.001\documents\github\bibinh17cpp\endlessrunner\endlessrunner\endlessrunnergame.cpp(80): warning C4244: "=": Konvertierung von "int" in "float", möglicher Datenverlust
c:\users\temp.a213-012.001\documents\github\bibinh17cpp\endlessrunner\endlessrunner\endlessrunnergame.cpp(85): warning C4018: "<": Konflikt zwischen "signed" und "unsigned"
c:\users\temp.a213-012.001\documents\github\bibinh17cpp\endlessrunner\endlessrunner\endlessrunnergame.cpp(90): warning C4018: "<": Konflikt zwischen "signed" und "unsigned"
c:\users\temp.a213-012.001\documents\github\bibinh17cpp\endlessrunner\endlessrunner\endlessrunnergame.cpp(101): warning C4018: "<": Konflikt zwischen "signed" und "unsigned"
c:\users\temp.a213-012.001\documents\github\bibinh17cpp\endlessrunner\endlessrunner\endlessrunnergame.cpp(130): warning C4244: "Argument": Konvertierung von "float" in "int", möglicher Datenverlust
c:\users\temp.a213-012.001\documents\github\bibinh17cpp\endlessrunner\endlessrunner\endlessrunnergame.cpp(153): warning C4018: "<": Konflikt zwischen "signed" und "unsigned"
c:\users\temp.a213-012.001\documents\github\bibinh17cpp\endlessrunner\endlessrunner\endlessrunnergame.cpp(155): warning C4018: "<": Konflikt zwischen "signed" und "unsigned"
c:\users\temp.a213-012.001\documents\github\bibinh17cpp\endlessrunner\endlessrunner\endlessrunnergame.cpp(198): warning C4305: "+=": Verkürzung von "double" in "float"
c:\users\temp.a213-012.001\documents\github\bibinh17cpp\endlessrunner\endlessrunner\endlessrunnergame.cpp(199): warning C4305: "+=": Verkürzung von "double" in "float"
c:\users\temp.a213-012.001\documents\github\bibinh17cpp\endlessrunner\endlessrunner\endlessrunnergame.cpp(205): warning C4018: "<": Konflikt zwischen "signed" und "unsigned"
d:\program files (x86)\microsoft visual studio\2017\community\vc\tools\msvc\14.15.26726\include\memory(1801): warning C4244: "Argument": Konvertierung von "_Ty" in "int", möglicher Datenverlust
          with
          [
              _Ty=float
          ]
  d:\program files (x86)\microsoft visual studio\2017\community\vc\tools\msvc\14.15.26726\include\memory(1865): note: Siehe Verweis auf die Instanziierung der gerade kompilierten Funktions-Vorlage "std::_Ref_count_obj<_Ty>::_Ref_count_obj<std::shared_ptr<Texture>,int,float>(std::shared_ptr<Texture> &&,int &&,float &&)".
          with
          [
              _Ty=Sprite
          ]
  d:\program files (x86)\microsoft visual studio\2017\community\vc\tools\msvc\14.15.26726\include\memory(1866): note: Siehe Verweis auf die Instanziierung der gerade kompilierten Funktions-Vorlage "std::_Ref_count_obj<_Ty>::_Ref_count_obj<std::shared_ptr<Texture>,int,float>(std::shared_ptr<Texture> &&,int &&,float &&)".
          with
          [
              _Ty=Sprite
          ]
  c:\users\temp.a213-012.001\documents\github\bibinh17cpp\endlessrunner\endlessrunner\endlessrunnergame.cpp(17): note: Siehe Verweis auf die Instanziierung der gerade kompilierten Funktions-Vorlage "std::shared_ptr<Sprite> std::make_shared<Sprite,std::shared_ptr<Texture>,int,float>(std::shared_ptr<Texture> &&,int &&,float &&)".
  Code wird generiert...
  EndlessRunner.vcxproj -> C:\Users\TEMP.A213-012.001\Documents\GitHub\BibInh17Cpp\EndlessRunner\Debug\EndlessRunner.exe
